\BOOKMARK [0][-]{chapter.1}{Introduction}{}% 1
\BOOKMARK [1][-]{section.1.1}{History of Fundamental Symmetries }{chapter.1}% 2
\BOOKMARK [1][-]{section.1.2}{Neutron Electric Dipole Moment}{chapter.1}% 3
\BOOKMARK [2][-]{subsection.1.2.1}{Baryon Asymmetry of the Universe}{section.1.2}% 4
\BOOKMARK [2][-]{subsection.1.2.2}{The nEDM Measurement Technique}{section.1.2}% 5
\BOOKMARK [2][-]{subsection.1.2.3}{neutron Electric Dipole Moment Status Worldwide}{section.1.2}% 6
\BOOKMARK [1][-]{section.1.3}{Ultracold Neutrons}{chapter.1}% 7
\BOOKMARK [2][-]{subsection.1.3.1}{Ultracold Neutrons Interaction with Fundamental Forces}{section.1.3}% 8
\BOOKMARK [2][-]{subsection.1.3.2}{Superthermal Sources of Ultracold Neutrons}{section.1.3}% 9
\BOOKMARK [0][-]{chapter.2}{Future nEDM Measurement at TRIUMF}{}% 10
\BOOKMARK [1][-]{section.2.1}{Magnetic Stability Requirements}{chapter.2}% 11
\BOOKMARK [2][-]{subsection.2.1.1}{Active Shielding}{section.2.1}% 12
\BOOKMARK [2][-]{subsection.2.1.2}{Magnetically Shielded room}{section.2.1}% 13
\BOOKMARK [2][-]{subsection.2.1.3}{Passive Shielding}{section.2.1}% 14
\BOOKMARK [1][-]{section.2.2}{High Voltage EDM Cells}{chapter.2}% 15
\BOOKMARK [1][-]{section.2.3}{Dual Comagnetometer}{chapter.2}% 16
\BOOKMARK [0][-]{chapter.3}{Temperature Dependence of Magnetic Permeability\(?\)}{}% 17
\BOOKMARK [1][-]{section.3.1}{Shield Coupled Coils}{chapter.3}% 18
\BOOKMARK [2][-]{subsection.3.1.1}{Spherical Geometry}{section.3.1}% 19
\BOOKMARK [2][-]{subsection.3.1.2}{Cylindrical Geometry}{section.3.1}% 20
\BOOKMARK [1][-]{section.3.2}{Method one: Measurement with \(How did I used to call it???\) }{chapter.3}% 21
\BOOKMARK [1][-]{section.3.3}{Method two: Measurements with a transformer}{chapter.3}% 22
\BOOKMARK [0][-]{chapter.4}{Current UCN Facility at TRIUMF}{}% 23
\BOOKMARK [1][-]{section.4.1}{UCN beamline}{chapter.4}% 24
\BOOKMARK [1][-]{section.4.2}{Stages of UCN Production}{chapter.4}% 25
\BOOKMARK [1][-]{section.4.3}{D2O Condensation}{chapter.4}% 26
\BOOKMARK [1][-]{section.4.4}{Helium Circulation}{chapter.4}% 27
\BOOKMARK [2][-]{subsection.4.4.1}{4 Kelvin Reservoir}{section.4.4}% 28
\BOOKMARK [2][-]{subsection.4.4.2}{1 Kelvin Pot}{section.4.4}% 29
\BOOKMARK [2][-]{subsection.4.4.3}{3He Pot}{section.4.4}% 30
\BOOKMARK [2][-]{subsection.4.4.4}{Isopure Helium}{section.4.4}% 31
\BOOKMARK [1][-]{section.4.5}{Data Acquisition}{chapter.4}% 32
\BOOKMARK [1][-]{section.4.6}{UCN Detectors}{chapter.4}% 33
\BOOKMARK [0][-]{chapter.5}{UCN Production and Detection}{}% 34
\BOOKMARK [1][-]{section.5.1}{UCN Counts Measurement}{chapter.5}% 35
\BOOKMARK [1][-]{section.5.2}{Storage Lifetime Measurements}{chapter.5}% 36
\BOOKMARK [1][-]{section.5.3}{Detector Comparison}{chapter.5}% 37
\BOOKMARK [1][-]{section.5.4}{Background Measurements}{chapter.5}% 38
\BOOKMARK [1][-]{section.5.5}{UCN guide Transmission Measurements}{chapter.5}% 39
\BOOKMARK [0][-]{chapter.6}{UCN cryogenics}{}% 40
\BOOKMARK [1][-]{section.6.1}{Heat tests}{chapter.6}% 41
\BOOKMARK [0][-]{chapter.7}{Conclusion}{}% 42
\BOOKMARK [0][-]{section*.11}{Appendices}{}% 43
\BOOKMARK [0][-]{Appendix.1.A}{Some Appendix}{}% 44
\BOOKMARK [0][-]{chapter*.12}{References}{}% 45
